[debug] [2025-11-12T23:30:15.866Z] ----------------------------------------------------------------------
[debug] [2025-11-12T23:30:15.871Z] Command:       C:\Program Files\nodejs\node.exe C:\Users\leona\AppData\Roaming\npm\node_modules\firebase-tools\lib\bin\firebase.js init hosting
[debug] [2025-11-12T23:30:15.872Z] CLI Version:   14.24.2
[debug] [2025-11-12T23:30:15.872Z] Platform:      win32
[debug] [2025-11-12T23:30:15.873Z] Node Version:  v22.19.0
[debug] [2025-11-12T23:30:15.873Z] Time:          Thu Nov 13 2025 01:30:15 GMT+0200 (South Africa Standard Time)
[debug] [2025-11-12T23:30:15.873Z] ----------------------------------------------------------------------
[debug] 
[info] 
     ######## #### ########  ######## ########     ###     ######  ########
     ##        ##  ##     ## ##       ##     ##  ##   ##  ##       ##
     ######    ##  ########  ######   ########  #########  ######  ######
     ##        ##  ##    ##  ##       ##     ## ##     ##       ## ##
     ##       #### ##     ## ######## ########  ##     ##  ######  ########

You're about to initialize a Firebase project in this directory:

  C:\A M Trading shiiiii\mkd_kicksz_final

Before we get started, keep in mind:

  * You are currently outside your home directory

[info] 
=== Project Setup
[info] 
[info] First, let's associate this project directory with a Firebase project.
[info] You can create multiple project aliases by running firebase use --add, 
[info] 
[info] i  If you want to create a project in a Google Cloud organization or folder, please use "firebase projects:create" instead, and return to this command when you've created the project. 
[debug] [2025-11-12T23:32:43.880Z] > command requires scopes: ["email","openid","https://www.googleapis.com/auth/cloudplatformprojects.readonly","https://www.googleapis.com/auth/firebase","https://www.googleapis.com/auth/cloud-platform"]
[debug] [2025-11-12T23:32:43.880Z] > authorizing via signed-in user (mondayken15@gmail.com)
[debug] [2025-11-12T23:34:07.635Z] Checked if tokens are valid: true, expires at: 1762993573019
[debug] [2025-11-12T23:34:07.635Z] Checked if tokens are valid: true, expires at: 1762993573019
[debug] [2025-11-12T23:34:07.638Z] >>> [apiv2][query] POST https://firebase.googleapis.com/v1/projects:checkProjectId [none]
[debug] [2025-11-12T23:34:07.638Z] >>> [apiv2][body] POST https://firebase.googleapis.com/v1/projects:checkProjectId {"proposedId":"mkd-kicksz-final"}
[debug] [2025-11-12T23:34:08.487Z] <<< [apiv2][status] POST https://firebase.googleapis.com/v1/projects:checkProjectId 200
[debug] [2025-11-12T23:34:08.487Z] <<< [apiv2][body] POST https://firebase.googleapis.com/v1/projects:checkProjectId {"projectIdStatus":"PROJECT_ID_AVAILABLE","suggestedProjectId":"mkd-kicksz-final"}
[debug] [2025-11-12T23:34:20.010Z] Checked if tokens are valid: true, expires at: 1762993573019
[debug] [2025-11-12T23:34:20.011Z] Checked if tokens are valid: true, expires at: 1762993573019
[debug] [2025-11-12T23:34:20.011Z] >>> [apiv2][query] POST https://cloudresourcemanager.googleapis.com/v1/projects [none]
[debug] [2025-11-12T23:34:20.011Z] >>> [apiv2][body] POST https://cloudresourcemanager.googleapis.com/v1/projects {"projectId":"mkd-kicksz-final","name":"mkd-kicksz-final"}
[debug] [2025-11-12T23:34:21.993Z] <<< [apiv2][status] POST https://cloudresourcemanager.googleapis.com/v1/projects 200
[debug] [2025-11-12T23:34:21.993Z] <<< [apiv2][body] POST https://cloudresourcemanager.googleapis.com/v1/projects {"name":"operations/create_project.global.6576434997415628926"}
[debug] [2025-11-12T23:34:21.994Z] Checked if tokens are valid: true, expires at: 1762993573019
[debug] [2025-11-12T23:34:21.994Z] Checked if tokens are valid: true, expires at: 1762993573019
[debug] [2025-11-12T23:34:21.994Z] >>> [apiv2][query] GET https://cloudresourcemanager.googleapis.com/v1/operations/create_project.global.6576434997415628926 [none]
[debug] [2025-11-12T23:34:23.432Z] <<< [apiv2][status] GET https://cloudresourcemanager.googleapis.com/v1/operations/create_project.global.6576434997415628926 200
[debug] [2025-11-12T23:34:23.432Z] <<< [apiv2][body] GET https://cloudresourcemanager.googleapis.com/v1/operations/create_project.global.6576434997415628926 {"name":"operations/create_project.global.6576434997415628926","metadata":{"@type":"type.googleapis.com/google.cloudresourcemanager.v1.ProjectCreationStatus","ready":true},"done":true,"error":{"code":9,"message":"Callers must accept Terms of Service","details":[{"@type":"type.googleapis.com/google.rpc.PreconditionFailure","violations":[{"type":"TOS","subject":"cloud","description":"Callers must accept Terms of Service"}]}]}}
[debug] [2025-11-12T23:34:23.436Z] FirebaseError: Callers must accept Terms of Service
    at OperationPoller.poll (C:\Users\leona\AppData\Roaming\npm\node_modules\firebase-tools\lib\operation-poller.js:24:19)
    at process.processTicksAndRejections (node:internal/process/task_queues:105:5)
    at async createCloudProject (C:\Users\leona\AppData\Roaming\npm\node_modules\firebase-tools\lib\management\projects.js:227:29)
    at async createFirebaseProjectAndLog (C:\Users\leona\AppData\Roaming\npm\node_modules\firebase-tools\lib\management\projects.js:87:9)
    at async Object.doSetup (C:\Users\leona\AppData\Roaming\npm\node_modules\firebase-tools\lib\init\features\project.js:65:24)
    at async init (C:\Users\leona\AppData\Roaming\npm\node_modules\firebase-tools\lib\init\index.js:77:13)
    at async Command.initAction [as actionFn] (C:\Users\leona\AppData\Roaming\npm\node_modules\firebase-tools\lib\commands\init.js:217:5)
[error] 
[error] Error: Failed to create project. See firebase-debug.log for more info.
[debug] [2025-11-12T23:34:44.193Z] ----------------------------------------------------------------------
[debug] [2025-11-12T23:34:44.197Z] Command:       C:\Program Files\nodejs\node.exe C:\Users\leona\AppData\Roaming\npm\node_modules\firebase-tools\lib\bin\firebase.js init hosting --project mkd-kicksz-final
[debug] [2025-11-12T23:34:44.197Z] CLI Version:   14.24.2
[debug] [2025-11-12T23:34:44.197Z] Platform:      win32
[debug] [2025-11-12T23:34:44.198Z] Node Version:  v22.19.0
[debug] [2025-11-12T23:34:44.198Z] Time:          Thu Nov 13 2025 01:34:44 GMT+0200 (South Africa Standard Time)
[debug] [2025-11-12T23:34:44.198Z] ----------------------------------------------------------------------
[debug] 
[info] 
     ######## #### ########  ######## ########     ###     ######  ########
     ##        ##  ##     ## ##       ##     ##  ##   ##  ##       ##
     ######    ##  ########  ######   ########  #########  ######  ######
     ##        ##  ##    ##  ##       ##     ## ##     ##       ## ##
     ##       #### ##     ## ######## ########  ##     ##  ######  ########

You're about to initialize a Firebase project in this directory:

  C:\A M Trading shiiiii\mkd_kicksz_final

Before we get started, keep in mind:

  * You are currently outside your home directory

[info] 
=== Project Setup
[info] 
[info] First, let's associate this project directory with a Firebase project.
[info] You can create multiple project aliases by running firebase use --add, 
[info] 
[debug] [2025-11-12T23:35:03.507Z] > command requires scopes: ["email","openid","https://www.googleapis.com/auth/cloudplatformprojects.readonly","https://www.googleapis.com/auth/firebase","https://www.googleapis.com/auth/cloud-platform"]
[debug] [2025-11-12T23:35:03.507Z] > authorizing via signed-in user (mondayken15@gmail.com)
[debug] [2025-11-12T23:35:03.509Z] Checked if tokens are valid: true, expires at: 1762993573019
[debug] [2025-11-12T23:35:03.509Z] Checked if tokens are valid: true, expires at: 1762993573019
[debug] [2025-11-12T23:35:03.511Z] >>> [apiv2][query] GET https://firebase.googleapis.com/v1beta1/projects/mkd-kicksz-final [none]
[debug] [2025-11-12T23:35:04.268Z] <<< [apiv2][status] GET https://firebase.googleapis.com/v1beta1/projects/mkd-kicksz-final 403
[debug] [2025-11-12T23:35:04.268Z] <<< [apiv2][body] GET https://firebase.googleapis.com/v1beta1/projects/mkd-kicksz-final {"error":{"code":403,"message":"The caller does not have permission","status":"PERMISSION_DENIED"}}
[debug] [2025-11-12T23:35:04.269Z] Request to https://firebase.googleapis.com/v1beta1/projects/mkd-kicksz-final had HTTP Error: 403, The caller does not have permission
[debug] [2025-11-12T23:35:04.271Z] FirebaseError: Request to https://firebase.googleapis.com/v1beta1/projects/mkd-kicksz-final had HTTP Error: 403, The caller does not have permission
    at responseToError (C:\Users\leona\AppData\Roaming\npm\node_modules\firebase-tools\lib\responseToError.js:53:12)
    at RetryOperation._fn (C:\Users\leona\AppData\Roaming\npm\node_modules\firebase-tools\lib\apiv2.js:322:77)
    at process.processTicksAndRejections (node:internal/process/task_queues:105:5)
[error] 
[error] Error: Failed to get Firebase project mkd-kicksz-final. Please make sure the project exists and your account has permission to access it.
[debug] [2025-11-12T23:35:24.168Z] ----------------------------------------------------------------------
[debug] [2025-11-12T23:35:24.171Z] Command:       C:\Program Files\nodejs\node.exe C:\Users\leona\AppData\Roaming\npm\node_modules\firebase-tools\lib\bin\firebase.js projects:create mkd-kicksz-final --display-name MKD Kicksz Final
[debug] [2025-11-12T23:35:24.171Z] CLI Version:   14.24.2
[debug] [2025-11-12T23:35:24.171Z] Platform:      win32
[debug] [2025-11-12T23:35:24.171Z] Node Version:  v22.19.0
[debug] [2025-11-12T23:35:24.172Z] Time:          Thu Nov 13 2025 01:35:24 GMT+0200 (South Africa Standard Time)
[debug] [2025-11-12T23:35:24.172Z] ----------------------------------------------------------------------
[debug] 
[debug] [2025-11-12T23:35:24.177Z] > command requires scopes: ["email","openid","https://www.googleapis.com/auth/cloudplatformprojects.readonly","https://www.googleapis.com/auth/firebase","https://www.googleapis.com/auth/cloud-platform"]
[debug] [2025-11-12T23:35:24.177Z] > authorizing via signed-in user (mondayken15@gmail.com)
[debug] [2025-11-12T23:35:24.181Z] Checked if tokens are valid: true, expires at: 1762993573019
[debug] [2025-11-12T23:35:24.182Z] Checked if tokens are valid: true, expires at: 1762993573019
[debug] [2025-11-12T23:35:24.182Z] >>> [apiv2][query] POST https://cloudresourcemanager.googleapis.com/v1/projects [none]
[debug] [2025-11-12T23:35:24.183Z] >>> [apiv2][body] POST https://cloudresourcemanager.googleapis.com/v1/projects {"projectId":"mkd-kicksz-final","name":"MKD Kicksz Final"}
[debug] [2025-11-12T23:35:26.073Z] <<< [apiv2][status] POST https://cloudresourcemanager.googleapis.com/v1/projects 200
[debug] [2025-11-12T23:35:26.073Z] <<< [apiv2][body] POST https://cloudresourcemanager.googleapis.com/v1/projects {"name":"operations/create_project.global.4668859609786997469"}
[debug] [2025-11-12T23:35:26.075Z] Checked if tokens are valid: true, expires at: 1762993573019
[debug] [2025-11-12T23:35:26.075Z] Checked if tokens are valid: true, expires at: 1762993573019
[debug] [2025-11-12T23:35:26.076Z] >>> [apiv2][query] GET https://cloudresourcemanager.googleapis.com/v1/operations/create_project.global.4668859609786997469 [none]
[debug] [2025-11-12T23:35:27.532Z] <<< [apiv2][status] GET https://cloudresourcemanager.googleapis.com/v1/operations/create_project.global.4668859609786997469 200
[debug] [2025-11-12T23:35:27.533Z] <<< [apiv2][body] GET https://cloudresourcemanager.googleapis.com/v1/operations/create_project.global.4668859609786997469 {"name":"operations/create_project.global.4668859609786997469","metadata":{"@type":"type.googleapis.com/google.cloudresourcemanager.v1.ProjectCreationStatus","ready":true},"done":true,"error":{"code":9,"message":"Callers must accept Terms of Service","details":[{"@type":"type.googleapis.com/google.rpc.PreconditionFailure","violations":[{"type":"TOS","subject":"cloud","description":"Callers must accept Terms of Service"}]}]}}
[debug] [2025-11-12T23:35:27.535Z] FirebaseError: Callers must accept Terms of Service
    at OperationPoller.poll (C:\Users\leona\AppData\Roaming\npm\node_modules\firebase-tools\lib\operation-poller.js:24:19)
    at process.processTicksAndRejections (node:internal/process/task_queues:105:5)
    at async createCloudProject (C:\Users\leona\AppData\Roaming\npm\node_modules\firebase-tools\lib\management\projects.js:227:29)
    at async createFirebaseProjectAndLog (C:\Users\leona\AppData\Roaming\npm\node_modules\firebase-tools\lib\management\projects.js:87:9)
[error] 
[error] Error: Failed to create project. See firebase-debug.log for more info.
[debug] [2025-11-12T23:35:34.810Z] ----------------------------------------------------------------------
[debug] [2025-11-12T23:35:34.813Z] Command:       C:\Program Files\nodejs\node.exe C:\Users\leona\AppData\Roaming\npm\node_modules\firebase-tools\lib\bin\firebase.js projects:create mkd-kicksz-final-123 --display-name MKD Kicksz Final
[debug] [2025-11-12T23:35:34.813Z] CLI Version:   14.24.2
[debug] [2025-11-12T23:35:34.813Z] Platform:      win32
[debug] [2025-11-12T23:35:34.813Z] Node Version:  v22.19.0
[debug] [2025-11-12T23:35:34.814Z] Time:          Thu Nov 13 2025 01:35:34 GMT+0200 (South Africa Standard Time)
[debug] [2025-11-12T23:35:34.814Z] ----------------------------------------------------------------------
[debug] 
[debug] [2025-11-12T23:35:34.818Z] > command requires scopes: ["email","openid","https://www.googleapis.com/auth/cloudplatformprojects.readonly","https://www.googleapis.com/auth/firebase","https://www.googleapis.com/auth/cloud-platform"]
[debug] [2025-11-12T23:35:34.819Z] > authorizing via signed-in user (mondayken15@gmail.com)
[debug] [2025-11-12T23:35:34.823Z] Checked if tokens are valid: true, expires at: 1762993573019
[debug] [2025-11-12T23:35:34.824Z] Checked if tokens are valid: true, expires at: 1762993573019
[debug] [2025-11-12T23:35:34.824Z] >>> [apiv2][query] POST https://cloudresourcemanager.googleapis.com/v1/projects [none]
[debug] [2025-11-12T23:35:34.824Z] >>> [apiv2][body] POST https://cloudresourcemanager.googleapis.com/v1/projects {"projectId":"mkd-kicksz-final-123","name":"MKD Kicksz Final"}
[debug] [2025-11-12T23:35:36.647Z] <<< [apiv2][status] POST https://cloudresourcemanager.googleapis.com/v1/projects 200
[debug] [2025-11-12T23:35:36.648Z] <<< [apiv2][body] POST https://cloudresourcemanager.googleapis.com/v1/projects {"name":"operations/create_project.global.4629177384825043349"}
[debug] [2025-11-12T23:35:36.650Z] Checked if tokens are valid: true, expires at: 1762993573019
[debug] [2025-11-12T23:35:36.650Z] Checked if tokens are valid: true, expires at: 1762993573019
[debug] [2025-11-12T23:35:36.650Z] >>> [apiv2][query] GET https://cloudresourcemanager.googleapis.com/v1/operations/create_project.global.4629177384825043349 [none]
[debug] [2025-11-12T23:35:38.085Z] <<< [apiv2][status] GET https://cloudresourcemanager.googleapis.com/v1/operations/create_project.global.4629177384825043349 200
[debug] [2025-11-12T23:35:38.085Z] <<< [apiv2][body] GET https://cloudresourcemanager.googleapis.com/v1/operations/create_project.global.4629177384825043349 {"name":"operations/create_project.global.4629177384825043349","metadata":{"@type":"type.googleapis.com/google.cloudresourcemanager.v1.ProjectCreationStatus","ready":true},"done":true,"error":{"code":9,"message":"Callers must accept Terms of Service","details":[{"@type":"type.googleapis.com/google.rpc.PreconditionFailure","violations":[{"type":"TOS","subject":"cloud","description":"Callers must accept Terms of Service"}]}]}}
[debug] [2025-11-12T23:35:38.089Z] FirebaseError: Callers must accept Terms of Service
    at OperationPoller.poll (C:\Users\leona\AppData\Roaming\npm\node_modules\firebase-tools\lib\operation-poller.js:24:19)
    at process.processTicksAndRejections (node:internal/process/task_queues:105:5)
    at async createCloudProject (C:\Users\leona\AppData\Roaming\npm\node_modules\firebase-tools\lib\management\projects.js:227:29)
    at async createFirebaseProjectAndLog (C:\Users\leona\AppData\Roaming\npm\node_modules\firebase-tools\lib\management\projects.js:87:9)
[error] 
[error] Error: Failed to create project. See firebase-debug.log for more info.
[debug] [2025-11-12T23:35:44.824Z] ----------------------------------------------------------------------
[debug] [2025-11-12T23:35:44.827Z] Command:       C:\Program Files\nodejs\node.exe C:\Users\leona\AppData\Roaming\npm\node_modules\firebase-tools\lib\bin\firebase.js init hosting
[debug] [2025-11-12T23:35:44.827Z] CLI Version:   14.24.2
[debug] [2025-11-12T23:35:44.827Z] Platform:      win32
[debug] [2025-11-12T23:35:44.827Z] Node Version:  v22.19.0
[debug] [2025-11-12T23:35:44.827Z] Time:          Thu Nov 13 2025 01:35:44 GMT+0200 (South Africa Standard Time)
[debug] [2025-11-12T23:35:44.827Z] ----------------------------------------------------------------------
[debug] 
[info] 
     ######## #### ########  ######## ########     ###     ######  ########
     ##        ##  ##     ## ##       ##     ##  ##   ##  ##       ##
     ######    ##  ########  ######   ########  #########  ######  ######
     ##        ##  ##    ##  ##       ##     ## ##     ##       ## ##
     ##       #### ##     ## ######## ########  ##     ##  ######  ########

You're about to initialize a Firebase project in this directory:

  C:\A M Trading shiiiii\mkd_kicksz_final

Before we get started, keep in mind:

  * You are currently outside your home directory

[info] 
=== Project Setup
[info] 
[info] First, let's associate this project directory with a Firebase project.
[info] You can create multiple project aliases by running firebase use --add, 
[info] 
[info] i  If you want to create a project in a Google Cloud organization or folder, please use "firebase projects:create" instead, and return to this command when you've created the project. 
[debug] [2025-11-12T23:36:25.282Z] > command requires scopes: ["email","openid","https://www.googleapis.com/auth/cloudplatformprojects.readonly","https://www.googleapis.com/auth/firebase","https://www.googleapis.com/auth/cloud-platform"]
[debug] [2025-11-12T23:36:25.283Z] > authorizing via signed-in user (mondayken15@gmail.com)
[debug] [2025-11-12T23:37:24.683Z] Checked if tokens are valid: true, expires at: 1762993573019
[debug] [2025-11-12T23:37:24.683Z] Checked if tokens are valid: true, expires at: 1762993573019
[debug] [2025-11-12T23:37:24.684Z] >>> [apiv2][query] POST https://firebase.googleapis.com/v1/projects:checkProjectId [none]
[debug] [2025-11-12T23:37:24.685Z] >>> [apiv2][body] POST https://firebase.googleapis.com/v1/projects:checkProjectId {"proposedId":"mkd-kicksz-final-12345"}
[debug] [2025-11-12T23:37:25.385Z] <<< [apiv2][status] POST https://firebase.googleapis.com/v1/projects:checkProjectId 200
[debug] [2025-11-12T23:37:25.386Z] <<< [apiv2][body] POST https://firebase.googleapis.com/v1/projects:checkProjectId {"projectIdStatus":"PROJECT_ID_AVAILABLE","suggestedProjectId":"mkd-kicksz-final-12345"}
[debug] [2025-11-12T23:37:50.320Z] Checked if tokens are valid: true, expires at: 1762993573019
[debug] [2025-11-12T23:37:50.320Z] Checked if tokens are valid: true, expires at: 1762993573019
[debug] [2025-11-12T23:37:50.320Z] >>> [apiv2][query] POST https://cloudresourcemanager.googleapis.com/v1/projects [none]
[debug] [2025-11-12T23:37:50.320Z] >>> [apiv2][body] POST https://cloudresourcemanager.googleapis.com/v1/projects {"projectId":"mkd-kicksz-final-12345","name":"mkd-kicksz-final-12345"}
[debug] [2025-11-12T23:37:52.229Z] <<< [apiv2][status] POST https://cloudresourcemanager.googleapis.com/v1/projects 200
[debug] [2025-11-12T23:37:52.229Z] <<< [apiv2][body] POST https://cloudresourcemanager.googleapis.com/v1/projects {"name":"operations/create_project.global.5569455903102754773"}
[debug] [2025-11-12T23:37:52.230Z] Checked if tokens are valid: true, expires at: 1762993573019
[debug] [2025-11-12T23:37:52.230Z] Checked if tokens are valid: true, expires at: 1762993573019
[debug] [2025-11-12T23:37:52.230Z] >>> [apiv2][query] GET https://cloudresourcemanager.googleapis.com/v1/operations/create_project.global.5569455903102754773 [none]
[debug] [2025-11-12T23:37:53.669Z] <<< [apiv2][status] GET https://cloudresourcemanager.googleapis.com/v1/operations/create_project.global.5569455903102754773 200
[debug] [2025-11-12T23:37:53.669Z] <<< [apiv2][body] GET https://cloudresourcemanager.googleapis.com/v1/operations/create_project.global.5569455903102754773 {"name":"operations/create_project.global.5569455903102754773","metadata":{"@type":"type.googleapis.com/google.cloudresourcemanager.v1.ProjectCreationStatus","ready":true},"done":true,"error":{"code":9,"message":"Callers must accept Terms of Service","details":[{"@type":"type.googleapis.com/google.rpc.PreconditionFailure","violations":[{"type":"TOS","subject":"cloud","description":"Callers must accept Terms of Service"}]}]}}
[debug] [2025-11-12T23:37:53.672Z] FirebaseError: Callers must accept Terms of Service
    at OperationPoller.poll (C:\Users\leona\AppData\Roaming\npm\node_modules\firebase-tools\lib\operation-poller.js:24:19)
    at process.processTicksAndRejections (node:internal/process/task_queues:105:5)
    at async createCloudProject (C:\Users\leona\AppData\Roaming\npm\node_modules\firebase-tools\lib\management\projects.js:227:29)
    at async createFirebaseProjectAndLog (C:\Users\leona\AppData\Roaming\npm\node_modules\firebase-tools\lib\management\projects.js:87:9)
    at async Object.doSetup (C:\Users\leona\AppData\Roaming\npm\node_modules\firebase-tools\lib\init\features\project.js:65:24)
    at async init (C:\Users\leona\AppData\Roaming\npm\node_modules\firebase-tools\lib\init\index.js:77:13)
    at async Command.initAction [as actionFn] (C:\Users\leona\AppData\Roaming\npm\node_modules\firebase-tools\lib\commands\init.js:217:5)
[error] 
[error] Error: Failed to create project. See firebase-debug.log for more info.
